<?xml version="1.0" encoding="utf-8"?>
<coverage line-rate="0.2216" branch-rate="0.1438" version="1.9" timestamp="1726564941" lines-covered="135" lines-valid="609" branches-covered="21" branches-valid="146">
  <sources>
    <source>C:\Users\new laptop\source\repos\LibraryManagement\LibraryManagement.Test.Unit\</source>
  </sources>
  <packages>
    <package name="LibraryManagement.Api" line-rate="0.6313" branch-rate="0.5" complexity="57">
      <classes>
        <class name="Program" filename="LibraryManagement.Api\Program.cs" line-rate="0" branch-rate="0" complexity="2">
          <methods>
            <method name="&lt;Main&gt;$" signature="(System.String[])" line-rate="0" branch-rate="0" complexity="2">
              <lines>
                <line number="12" hits="0" branch="False" />
                <line number="16" hits="0" branch="False" />
                <line number="18" hits="0" branch="False" />
                <line number="19" hits="0" branch="False" />
                <line number="22" hits="0" branch="False" />
                <line number="25" hits="0" branch="False" />
                <line number="28" hits="0" branch="False" />
                <line number="30" hits="0" branch="False" />
                <line number="33" hits="0" branch="True" condition-coverage="0% (0/2)">
                  <conditions>
                    <condition number="155" type="jump" coverage="0%" />
                  </conditions>
                </line>
                <line number="34" hits="0" branch="False" />
                <line number="35" hits="0" branch="False" />
                <line number="36" hits="0" branch="False" />
                <line number="37" hits="0" branch="False" />
                <line number="39" hits="0" branch="False" />
                <line number="41" hits="0" branch="False" />
                <line number="43" hits="0" branch="False" />
                <line number="45" hits="0" branch="False" />
              </lines>
            </method>
          </methods>
          <lines>
            <line number="12" hits="0" branch="False" />
            <line number="16" hits="0" branch="False" />
            <line number="18" hits="0" branch="False" />
            <line number="19" hits="0" branch="False" />
            <line number="22" hits="0" branch="False" />
            <line number="25" hits="0" branch="False" />
            <line number="28" hits="0" branch="False" />
            <line number="30" hits="0" branch="False" />
            <line number="33" hits="0" branch="True" condition-coverage="0% (0/2)">
              <conditions>
                <condition number="155" type="jump" coverage="0%" />
              </conditions>
            </line>
            <line number="34" hits="0" branch="False" />
            <line number="35" hits="0" branch="False" />
            <line number="36" hits="0" branch="False" />
            <line number="37" hits="0" branch="False" />
            <line number="39" hits="0" branch="False" />
            <line number="41" hits="0" branch="False" />
            <line number="43" hits="0" branch="False" />
            <line number="45" hits="0" branch="False" />
          </lines>
        </class>
        <class name="LibraryManagement.Api.Controllers.BookController" filename="LibraryManagement.Api\Controllers\BookController.cs" line-rate="1" branch-rate="1" complexity="1">
          <methods>
            <method name=".ctor" signature="(LibraryManagement.Application.Services.IBookManagement,FluentValidation.IValidator`1&lt;LibraryManagement.Api.Contract.Books.CreateBookRequest&gt;,FluentValidation.IValidator`1&lt;LibraryManagement.Api.Contract.Books.UpdateBookRequest&gt;)" line-rate="1" branch-rate="1" complexity="1">
              <lines>
                <line number="22" hits="10" branch="False" />
                <line number="23" hits="10" branch="False" />
                <line number="24" hits="10" branch="False" />
                <line number="25" hits="10" branch="False" />
                <line number="26" hits="10" branch="False" />
                <line number="27" hits="10" branch="False" />
                <line number="28" hits="10" branch="False" />
              </lines>
            </method>
          </methods>
          <lines>
            <line number="22" hits="10" branch="False" />
            <line number="23" hits="10" branch="False" />
            <line number="24" hits="10" branch="False" />
            <line number="25" hits="10" branch="False" />
            <line number="26" hits="10" branch="False" />
            <line number="27" hits="10" branch="False" />
            <line number="28" hits="10" branch="False" />
          </lines>
        </class>
        <class name="LibraryManagement.Api.Controllers.BookController/&lt;CreateBookAsync&gt;d__5" filename="LibraryManagement.Api\Controllers\BookController.cs" line-rate="1" branch-rate="1" complexity="4">
          <methods>
            <method name="MoveNext" signature="()" line-rate="1" branch-rate="1" complexity="4">
              <lines>
                <line number="54" hits="3" branch="False" />
                <line number="55" hits="3" branch="False" />
                <line number="56" hits="3" branch="True" condition-coverage="100% (2/2)">
                  <conditions>
                    <condition number="62" type="jump" coverage="100%" />
                  </conditions>
                </line>
                <line number="57" hits="1" branch="False" />
                <line number="58" hits="1" branch="False" />
                <line number="61" hits="2" branch="False" />
                <line number="62" hits="2" branch="False" />
                <line number="63" hits="2" branch="False" />
                <line number="64" hits="2" branch="False" />
                <line number="65" hits="2" branch="False" />
                <line number="66" hits="2" branch="False" />
                <line number="67" hits="2" branch="False" />
                <line number="68" hits="2" branch="False" />
                <line number="69" hits="2" branch="False" />
                <line number="70" hits="2" branch="False" />
                <line number="73" hits="2" branch="False" />
                <line number="74" hits="2" branch="True" condition-coverage="100% (2/2)">
                  <conditions>
                    <condition number="351" type="jump" coverage="100%" />
                  </conditions>
                </line>
                <line number="75" hits="1" branch="False" />
                <line number="76" hits="1" branch="False" />
                <line number="80" hits="1" branch="False" />
                <line number="82" hits="1" branch="False" />
                <line number="84" hits="3" branch="False" />
              </lines>
            </method>
          </methods>
          <lines>
            <line number="54" hits="3" branch="False" />
            <line number="55" hits="3" branch="False" />
            <line number="56" hits="3" branch="True" condition-coverage="100% (2/2)">
              <conditions>
                <condition number="62" type="jump" coverage="100%" />
              </conditions>
            </line>
            <line number="57" hits="1" branch="False" />
            <line number="58" hits="1" branch="False" />
            <line number="61" hits="2" branch="False" />
            <line number="62" hits="2" branch="False" />
            <line number="63" hits="2" branch="False" />
            <line number="64" hits="2" branch="False" />
            <line number="65" hits="2" branch="False" />
            <line number="66" hits="2" branch="False" />
            <line number="67" hits="2" branch="False" />
            <line number="68" hits="2" branch="False" />
            <line number="69" hits="2" branch="False" />
            <line number="70" hits="2" branch="False" />
            <line number="73" hits="2" branch="False" />
            <line number="74" hits="2" branch="True" condition-coverage="100% (2/2)">
              <conditions>
                <condition number="351" type="jump" coverage="100%" />
              </conditions>
            </line>
            <line number="75" hits="1" branch="False" />
            <line number="76" hits="1" branch="False" />
            <line number="80" hits="1" branch="False" />
            <line number="82" hits="1" branch="False" />
            <line number="84" hits="3" branch="False" />
          </lines>
        </class>
        <class name="LibraryManagement.Api.Controllers.BookController/&lt;DeleteBookAsync&gt;d__7" filename="LibraryManagement.Api\Controllers\BookController.cs" line-rate="1" branch-rate="1" complexity="2">
          <methods>
            <method name="MoveNext" signature="()" line-rate="1" branch-rate="1" complexity="2">
              <lines>
                <line number="121" hits="2" branch="False" />
                <line number="123" hits="2" branch="False" />
                <line number="124" hits="2" branch="True" condition-coverage="100% (2/2)">
                  <conditions>
                    <condition number="157" type="jump" coverage="100%" />
                  </conditions>
                </line>
                <line number="125" hits="1" branch="False" />
                <line number="126" hits="1" branch="False" />
                <line number="129" hits="1" branch="False" />
                <line number="131" hits="2" branch="False" />
              </lines>
            </method>
          </methods>
          <lines>
            <line number="121" hits="2" branch="False" />
            <line number="123" hits="2" branch="False" />
            <line number="124" hits="2" branch="True" condition-coverage="100% (2/2)">
              <conditions>
                <condition number="157" type="jump" coverage="100%" />
              </conditions>
            </line>
            <line number="125" hits="1" branch="False" />
            <line number="126" hits="1" branch="False" />
            <line number="129" hits="1" branch="False" />
            <line number="131" hits="2" branch="False" />
          </lines>
        </class>
        <class name="LibraryManagement.Api.Controllers.BookController/&lt;GetAllBookByNameAsync&gt;d__4" filename="LibraryManagement.Api\Controllers\BookController.cs" line-rate="1" branch-rate="1" complexity="2">
          <methods>
            <method name="MoveNext" signature="()" line-rate="1" branch-rate="1" complexity="2">
              <lines>
                <line number="33" hits="2" branch="False" />
                <line number="35" hits="2" branch="False" />
                <line number="38" hits="2" branch="True" condition-coverage="100% (2/2)">
                  <conditions>
                    <condition number="164" type="jump" coverage="100%" />
                  </conditions>
                </line>
                <line number="39" hits="1" branch="False" />
                <line number="40" hits="1" branch="False" />
                <line number="41" hits="1" branch="False" />
                <line number="45" hits="1" branch="False" />
                <line number="46" hits="1" branch="False" />
                <line number="47" hits="2" branch="False" />
              </lines>
            </method>
          </methods>
          <lines>
            <line number="33" hits="2" branch="False" />
            <line number="35" hits="2" branch="False" />
            <line number="38" hits="2" branch="True" condition-coverage="100% (2/2)">
              <conditions>
                <condition number="164" type="jump" coverage="100%" />
              </conditions>
            </line>
            <line number="39" hits="1" branch="False" />
            <line number="40" hits="1" branch="False" />
            <line number="41" hits="1" branch="False" />
            <line number="45" hits="1" branch="False" />
            <line number="46" hits="1" branch="False" />
            <line number="47" hits="2" branch="False" />
          </lines>
        </class>
        <class name="LibraryManagement.Api.Controllers.BookController/&lt;UpdateBookAsync&gt;d__6" filename="LibraryManagement.Api\Controllers\BookController.cs" line-rate="0.9047" branch-rate="0.75" complexity="4">
          <methods>
            <method name="MoveNext" signature="()" line-rate="0.9047" branch-rate="0.75" complexity="4">
              <lines>
                <line number="89" hits="3" branch="False" />
                <line number="90" hits="3" branch="False" />
                <line number="91" hits="3" branch="True" condition-coverage="100% (2/2)">
                  <conditions>
                    <condition number="62" type="jump" coverage="100%" />
                  </conditions>
                </line>
                <line number="92" hits="2" branch="False" />
                <line number="93" hits="2" branch="False" />
                <line number="96" hits="1" branch="False" />
                <line number="97" hits="1" branch="False" />
                <line number="98" hits="1" branch="False" />
                <line number="99" hits="1" branch="False" />
                <line number="100" hits="1" branch="False" />
                <line number="101" hits="1" branch="False" />
                <line number="102" hits="1" branch="False" />
                <line number="103" hits="1" branch="False" />
                <line number="104" hits="1" branch="False" />
                <line number="106" hits="1" branch="False" />
                <line number="107" hits="1" branch="True" condition-coverage="50% (1/2)">
                  <conditions>
                    <condition number="350" type="jump" coverage="50%" />
                  </conditions>
                </line>
                <line number="108" hits="0" branch="False" />
                <line number="109" hits="0" branch="False" />
                <line number="112" hits="1" branch="False" />
                <line number="114" hits="1" branch="False" />
                <line number="115" hits="3" branch="False" />
              </lines>
            </method>
          </methods>
          <lines>
            <line number="89" hits="3" branch="False" />
            <line number="90" hits="3" branch="False" />
            <line number="91" hits="3" branch="True" condition-coverage="100% (2/2)">
              <conditions>
                <condition number="62" type="jump" coverage="100%" />
              </conditions>
            </line>
            <line number="92" hits="2" branch="False" />
            <line number="93" hits="2" branch="False" />
            <line number="96" hits="1" branch="False" />
            <line number="97" hits="1" branch="False" />
            <line number="98" hits="1" branch="False" />
            <line number="99" hits="1" branch="False" />
            <line number="100" hits="1" branch="False" />
            <line number="101" hits="1" branch="False" />
            <line number="102" hits="1" branch="False" />
            <line number="103" hits="1" branch="False" />
            <line number="104" hits="1" branch="False" />
            <line number="106" hits="1" branch="False" />
            <line number="107" hits="1" branch="True" condition-coverage="50% (1/2)">
              <conditions>
                <condition number="350" type="jump" coverage="50%" />
              </conditions>
            </line>
            <line number="108" hits="0" branch="False" />
            <line number="109" hits="0" branch="False" />
            <line number="112" hits="1" branch="False" />
            <line number="114" hits="1" branch="False" />
            <line number="115" hits="3" branch="False" />
          </lines>
        </class>
        <class name="LibraryManagement.Api.Controllers.BorrowingController" filename="LibraryManagement.Api\Controllers\BorrowingController.cs" line-rate="1" branch-rate="1" complexity="1">
          <methods>
            <method name=".ctor" signature="(LibraryManagement.Application.Services.IBorrowingManagement)" line-rate="1" branch-rate="1" complexity="1">
              <lines>
                <line number="15" hits="8" branch="False" />
                <line number="16" hits="8" branch="False" />
                <line number="17" hits="8" branch="False" />
                <line number="18" hits="8" branch="False" />
              </lines>
            </method>
          </methods>
          <lines>
            <line number="15" hits="8" branch="False" />
            <line number="16" hits="8" branch="False" />
            <line number="17" hits="8" branch="False" />
            <line number="18" hits="8" branch="False" />
          </lines>
        </class>
        <class name="LibraryManagement.Api.Controllers.BorrowingController/&lt;BorrowBookAsync&gt;d__2" filename="LibraryManagement.Api\Controllers\BorrowingController.cs" line-rate="1" branch-rate="1" complexity="2">
          <methods>
            <method name="MoveNext" signature="()" line-rate="1" branch-rate="1" complexity="2">
              <lines>
                <line number="24" hits="2" branch="False" />
                <line number="28" hits="2" branch="False" />
                <line number="29" hits="2" branch="True" condition-coverage="100% (2/2)">
                  <conditions>
                    <condition number="190" type="jump" coverage="100%" />
                  </conditions>
                </line>
                <line number="30" hits="1" branch="False" />
                <line number="31" hits="1" branch="False" />
                <line number="34" hits="1" branch="False" />
                <line number="35" hits="1" branch="False" />
                <line number="37" hits="2" branch="False" />
              </lines>
            </method>
          </methods>
          <lines>
            <line number="24" hits="2" branch="False" />
            <line number="28" hits="2" branch="False" />
            <line number="29" hits="2" branch="True" condition-coverage="100% (2/2)">
              <conditions>
                <condition number="190" type="jump" coverage="100%" />
              </conditions>
            </line>
            <line number="30" hits="1" branch="False" />
            <line number="31" hits="1" branch="False" />
            <line number="34" hits="1" branch="False" />
            <line number="35" hits="1" branch="False" />
            <line number="37" hits="2" branch="False" />
          </lines>
        </class>
        <class name="LibraryManagement.Api.Controllers.BorrowingController/&lt;CheckBookavailabilityAsync&gt;d__5" filename="LibraryManagement.Api\Controllers\BorrowingController.cs" line-rate="1" branch-rate="1" complexity="2">
          <methods>
            <method name="MoveNext" signature="()" line-rate="1" branch-rate="1" complexity="2">
              <lines>
                <line number="74" hits="2" branch="False" />
                <line number="75" hits="2" branch="False" />
                <line number="76" hits="2" branch="True" condition-coverage="100% (2/2)">
                  <conditions>
                    <condition number="157" type="jump" coverage="100%" />
                  </conditions>
                </line>
                <line number="77" hits="1" branch="False" />
                <line number="78" hits="1" branch="False" />
                <line number="82" hits="1" branch="False" />
                <line number="84" hits="2" branch="False" />
              </lines>
            </method>
          </methods>
          <lines>
            <line number="74" hits="2" branch="False" />
            <line number="75" hits="2" branch="False" />
            <line number="76" hits="2" branch="True" condition-coverage="100% (2/2)">
              <conditions>
                <condition number="157" type="jump" coverage="100%" />
              </conditions>
            </line>
            <line number="77" hits="1" branch="False" />
            <line number="78" hits="1" branch="False" />
            <line number="82" hits="1" branch="False" />
            <line number="84" hits="2" branch="False" />
          </lines>
        </class>
        <class name="LibraryManagement.Api.Controllers.BorrowingController/&lt;ReturnBookAsync&gt;d__3" filename="LibraryManagement.Api\Controllers\BorrowingController.cs" line-rate="1" branch-rate="1" complexity="2">
          <methods>
            <method name="MoveNext" signature="()" line-rate="1" branch-rate="1" complexity="2">
              <lines>
                <line number="42" hits="2" branch="False" />
                <line number="46" hits="2" branch="False" />
                <line number="47" hits="2" branch="True" condition-coverage="100% (2/2)">
                  <conditions>
                    <condition number="184" type="jump" coverage="100%" />
                  </conditions>
                </line>
                <line number="48" hits="1" branch="False" />
                <line number="49" hits="1" branch="False" />
                <line number="53" hits="1" branch="False" />
                <line number="55" hits="2" branch="False" />
              </lines>
            </method>
          </methods>
          <lines>
            <line number="42" hits="2" branch="False" />
            <line number="46" hits="2" branch="False" />
            <line number="47" hits="2" branch="True" condition-coverage="100% (2/2)">
              <conditions>
                <condition number="184" type="jump" coverage="100%" />
              </conditions>
            </line>
            <line number="48" hits="1" branch="False" />
            <line number="49" hits="1" branch="False" />
            <line number="53" hits="1" branch="False" />
            <line number="55" hits="2" branch="False" />
          </lines>
        </class>
        <class name="LibraryManagement.Api.Controllers.BorrowingController/&lt;ViewBorrowingHistoryByMemberId&gt;d__4" filename="LibraryManagement.Api\Controllers\BorrowingController.cs" line-rate="1" branch-rate="1" complexity="4">
          <methods>
            <method name="MoveNext" signature="()" line-rate="1" branch-rate="1" complexity="4">
              <lines>
                <line number="60" hits="2" branch="False" />
                <line number="61" hits="2" branch="False" />
                <line number="62" hits="2" branch="True" condition-coverage="100% (4/4)">
                  <conditions>
                    <condition number="157" type="jump" coverage="100%" />
                    <condition number="180" type="jump" coverage="100%" />
                  </conditions>
                </line>
                <line number="63" hits="1" branch="False" />
                <line number="64" hits="1" branch="False" />
                <line number="67" hits="1" branch="False" />
                <line number="68" hits="1" branch="False" />
                <line number="69" hits="2" branch="False" />
              </lines>
            </method>
          </methods>
          <lines>
            <line number="60" hits="2" branch="False" />
            <line number="61" hits="2" branch="False" />
            <line number="62" hits="2" branch="True" condition-coverage="100% (4/4)">
              <conditions>
                <condition number="157" type="jump" coverage="100%" />
                <condition number="180" type="jump" coverage="100%" />
              </conditions>
            </line>
            <line number="63" hits="1" branch="False" />
            <line number="64" hits="1" branch="False" />
            <line number="67" hits="1" branch="False" />
            <line number="68" hits="1" branch="False" />
            <line number="69" hits="2" branch="False" />
          </lines>
        </class>
        <class name="LibraryManagement.Api.Controllers.MemberController" filename="LibraryManagement.Api\Controllers\MemberController.cs" line-rate="0" branch-rate="1" complexity="1">
          <methods>
            <method name=".ctor" signature="(LibraryManagement.Application.Services.IMemberManagement)" line-rate="0" branch-rate="1" complexity="1">
              <lines>
                <line number="17" hits="0" branch="False" />
                <line number="18" hits="0" branch="False" />
                <line number="20" hits="0" branch="False" />
              </lines>
            </method>
          </methods>
          <lines>
            <line number="17" hits="0" branch="False" />
            <line number="18" hits="0" branch="False" />
            <line number="20" hits="0" branch="False" />
          </lines>
        </class>
        <class name="LibraryManagement.Api.Controllers.MemberController/&lt;CreateMemberAsync&gt;d__3" filename="LibraryManagement.Api\Controllers\MemberController.cs" line-rate="0" branch-rate="0" complexity="6">
          <methods>
            <method name="MoveNext" signature="()" line-rate="0" branch-rate="0" complexity="6">
              <lines>
                <line number="41" hits="0" branch="False" />
                <line number="43" hits="0" branch="True" condition-coverage="0% (0/4)">
                  <conditions>
                    <condition number="34" type="jump" coverage="0%" />
                    <condition number="57" type="jump" coverage="0%" />
                  </conditions>
                </line>
                <line number="44" hits="0" branch="False" />
                <line number="45" hits="0" branch="False" />
                <line number="48" hits="0" branch="False" />
                <line number="49" hits="0" branch="False" />
                <line number="50" hits="0" branch="False" />
                <line number="51" hits="0" branch="False" />
                <line number="52" hits="0" branch="False" />
                <line number="53" hits="0" branch="False" />
                <line number="55" hits="0" branch="False" />
                <line number="56" hits="0" branch="True" condition-coverage="0% (0/2)">
                  <conditions>
                    <condition number="301" type="jump" coverage="0%" />
                  </conditions>
                </line>
                <line number="57" hits="0" branch="False" />
                <line number="58" hits="0" branch="False" />
                <line number="61" hits="0" branch="False" />
                <line number="63" hits="0" branch="False" />
                <line number="66" hits="0" branch="False" />
              </lines>
            </method>
          </methods>
          <lines>
            <line number="41" hits="0" branch="False" />
            <line number="43" hits="0" branch="True" condition-coverage="0% (0/4)">
              <conditions>
                <condition number="34" type="jump" coverage="0%" />
                <condition number="57" type="jump" coverage="0%" />
              </conditions>
            </line>
            <line number="44" hits="0" branch="False" />
            <line number="45" hits="0" branch="False" />
            <line number="48" hits="0" branch="False" />
            <line number="49" hits="0" branch="False" />
            <line number="50" hits="0" branch="False" />
            <line number="51" hits="0" branch="False" />
            <line number="52" hits="0" branch="False" />
            <line number="53" hits="0" branch="False" />
            <line number="55" hits="0" branch="False" />
            <line number="56" hits="0" branch="True" condition-coverage="0% (0/2)">
              <conditions>
                <condition number="301" type="jump" coverage="0%" />
              </conditions>
            </line>
            <line number="57" hits="0" branch="False" />
            <line number="58" hits="0" branch="False" />
            <line number="61" hits="0" branch="False" />
            <line number="63" hits="0" branch="False" />
            <line number="66" hits="0" branch="False" />
          </lines>
        </class>
        <class name="LibraryManagement.Api.Controllers.MemberController/&lt;DeleteMemberAsync&gt;d__5" filename="LibraryManagement.Api\Controllers\MemberController.cs" line-rate="0" branch-rate="0" complexity="2">
          <methods>
            <method name="MoveNext" signature="()" line-rate="0" branch-rate="0" complexity="2">
              <lines>
                <line number="99" hits="0" branch="False" />
                <line number="100" hits="0" branch="False" />
                <line number="101" hits="0" branch="True" condition-coverage="0% (0/2)">
                  <conditions>
                    <condition number="157" type="jump" coverage="0%" />
                  </conditions>
                </line>
                <line number="102" hits="0" branch="False" />
                <line number="103" hits="0" branch="False" />
                <line number="106" hits="0" branch="False" />
                <line number="109" hits="0" branch="False" />
              </lines>
            </method>
          </methods>
          <lines>
            <line number="99" hits="0" branch="False" />
            <line number="100" hits="0" branch="False" />
            <line number="101" hits="0" branch="True" condition-coverage="0% (0/2)">
              <conditions>
                <condition number="157" type="jump" coverage="0%" />
              </conditions>
            </line>
            <line number="102" hits="0" branch="False" />
            <line number="103" hits="0" branch="False" />
            <line number="106" hits="0" branch="False" />
            <line number="109" hits="0" branch="False" />
          </lines>
        </class>
        <class name="LibraryManagement.Api.Controllers.MemberController/&lt;GetAllMemberByNameAsync&gt;d__2" filename="LibraryManagement.Api\Controllers\MemberController.cs" line-rate="0" branch-rate="0" complexity="4">
          <methods>
            <method name="MoveNext" signature="()" line-rate="0" branch-rate="0" complexity="4">
              <lines>
                <line number="26" hits="0" branch="False" />
                <line number="27" hits="0" branch="False" />
                <line number="28" hits="0" branch="True" condition-coverage="0% (0/4)">
                  <conditions>
                    <condition number="157" type="jump" coverage="0%" />
                    <condition number="180" type="jump" coverage="0%" />
                  </conditions>
                </line>
                <line number="29" hits="0" branch="False" />
                <line number="30" hits="0" branch="False" />
                <line number="34" hits="0" branch="False" />
                <line number="36" hits="0" branch="False" />
              </lines>
            </method>
          </methods>
          <lines>
            <line number="26" hits="0" branch="False" />
            <line number="27" hits="0" branch="False" />
            <line number="28" hits="0" branch="True" condition-coverage="0% (0/4)">
              <conditions>
                <condition number="157" type="jump" coverage="0%" />
                <condition number="180" type="jump" coverage="0%" />
              </conditions>
            </line>
            <line number="29" hits="0" branch="False" />
            <line number="30" hits="0" branch="False" />
            <line number="34" hits="0" branch="False" />
            <line number="36" hits="0" branch="False" />
          </lines>
        </class>
        <class name="LibraryManagement.Api.Controllers.MemberController/&lt;UpdateMemberAsync&gt;d__4" filename="LibraryManagement.Api\Controllers\MemberController.cs" line-rate="0" branch-rate="0" complexity="6">
          <methods>
            <method name="MoveNext" signature="()" line-rate="0" branch-rate="0" complexity="6">
              <lines>
                <line number="71" hits="0" branch="False" />
                <line number="72" hits="0" branch="True" condition-coverage="0% (0/4)">
                  <conditions>
                    <condition number="34" type="jump" coverage="0%" />
                    <condition number="57" type="jump" coverage="0%" />
                  </conditions>
                </line>
                <line number="73" hits="0" branch="False" />
                <line number="74" hits="0" branch="False" />
                <line number="77" hits="0" branch="False" />
                <line number="78" hits="0" branch="False" />
                <line number="79" hits="0" branch="False" />
                <line number="80" hits="0" branch="False" />
                <line number="81" hits="0" branch="False" />
                <line number="82" hits="0" branch="False" />
                <line number="84" hits="0" branch="False" />
                <line number="85" hits="0" branch="True" condition-coverage="0% (0/2)">
                  <conditions>
                    <condition number="290" type="jump" coverage="0%" />
                  </conditions>
                </line>
                <line number="86" hits="0" branch="False" />
                <line number="87" hits="0" branch="False" />
                <line number="90" hits="0" branch="False" />
                <line number="92" hits="0" branch="False" />
                <line number="94" hits="0" branch="False" />
              </lines>
            </method>
          </methods>
          <lines>
            <line number="71" hits="0" branch="False" />
            <line number="72" hits="0" branch="True" condition-coverage="0% (0/4)">
              <conditions>
                <condition number="34" type="jump" coverage="0%" />
                <condition number="57" type="jump" coverage="0%" />
              </conditions>
            </line>
            <line number="73" hits="0" branch="False" />
            <line number="74" hits="0" branch="False" />
            <line number="77" hits="0" branch="False" />
            <line number="78" hits="0" branch="False" />
            <line number="79" hits="0" branch="False" />
            <line number="80" hits="0" branch="False" />
            <line number="81" hits="0" branch="False" />
            <line number="82" hits="0" branch="False" />
            <line number="84" hits="0" branch="False" />
            <line number="85" hits="0" branch="True" condition-coverage="0% (0/2)">
              <conditions>
                <condition number="290" type="jump" coverage="0%" />
              </conditions>
            </line>
            <line number="86" hits="0" branch="False" />
            <line number="87" hits="0" branch="False" />
            <line number="90" hits="0" branch="False" />
            <line number="92" hits="0" branch="False" />
            <line number="94" hits="0" branch="False" />
          </lines>
        </class>
        <class name="LibraryManagement.Api.Contract.ValidationRules.CreateBookRequestValidator" filename="LibraryManagement.Api\Contract\ValidationRules\CreateBookRequestValidator.cs" line-rate="1" branch-rate="1" complexity="1">
          <methods>
            <method name=".ctor" signature="()" line-rate="1" branch-rate="1" complexity="1">
              <lines>
                <line number="8" hits="10" branch="False" />
                <line number="9" hits="10" branch="False" />
                <line number="10" hits="10" branch="False" />
                <line number="11" hits="10" branch="False" />
                <line number="12" hits="10" branch="False" />
                <line number="13" hits="10" branch="False" />
                <line number="16" hits="10" branch="False" />
              </lines>
            </method>
          </methods>
          <lines>
            <line number="8" hits="10" branch="False" />
            <line number="9" hits="10" branch="False" />
            <line number="10" hits="10" branch="False" />
            <line number="11" hits="10" branch="False" />
            <line number="12" hits="10" branch="False" />
            <line number="13" hits="10" branch="False" />
            <line number="16" hits="10" branch="False" />
          </lines>
        </class>
        <class name="LibraryManagement.Api.Contract.ValidationRules.UpdateBookRequestValidator" filename="LibraryManagement.Api\Contract\ValidationRules\UpdateBookRequestValidator.cs" line-rate="1" branch-rate="1" complexity="1">
          <methods>
            <method name=".ctor" signature="()" line-rate="1" branch-rate="1" complexity="1">
              <lines>
                <line number="8" hits="10" branch="False" />
                <line number="9" hits="10" branch="False" />
                <line number="10" hits="10" branch="False" />
                <line number="11" hits="10" branch="False" />
                <line number="12" hits="10" branch="False" />
                <line number="13" hits="10" branch="False" />
                <line number="14" hits="10" branch="False" />
                <line number="17" hits="10" branch="False" />
              </lines>
            </method>
          </methods>
          <lines>
            <line number="8" hits="10" branch="False" />
            <line number="9" hits="10" branch="False" />
            <line number="10" hits="10" branch="False" />
            <line number="11" hits="10" branch="False" />
            <line number="12" hits="10" branch="False" />
            <line number="13" hits="10" branch="False" />
            <line number="14" hits="10" branch="False" />
            <line number="17" hits="10" branch="False" />
          </lines>
        </class>
        <class name="LibraryManagement.Api.Contract.Members.CreateMemberRequest" filename="LibraryManagement.Api\Contract\Members\CreateMemberRequest.cs" line-rate="0" branch-rate="1" complexity="1">
          <methods>
            <method name="get_fullName" signature="()" line-rate="0" branch-rate="1" complexity="1">
              <lines>
                <line number="3" hits="0" branch="False" />
              </lines>
            </method>
          </methods>
          <lines>
            <line number="3" hits="0" branch="False" />
          </lines>
        </class>
        <class name="LibraryManagement.Api.Contract.Members.MemberResponse`1" filename="LibraryManagement.Api\Contract\Members\MemberResponse.cs" line-rate="0" branch-rate="1" complexity="1">
          <methods>
            <method name="get_data" signature="()" line-rate="0" branch-rate="1" complexity="1">
              <lines>
                <line number="3" hits="0" branch="False" />
              </lines>
            </method>
          </methods>
          <lines>
            <line number="3" hits="0" branch="False" />
          </lines>
        </class>
        <class name="LibraryManagement.Api.Contract.Members.UpdateMemberRequest" filename="LibraryManagement.Api\Contract\Members\UpdateMemberRequest.cs" line-rate="0" branch-rate="1" complexity="1">
          <methods>
            <method name="get_id" signature="()" line-rate="0" branch-rate="1" complexity="1">
              <lines>
                <line number="3" hits="0" branch="False" />
              </lines>
            </method>
          </methods>
          <lines>
            <line number="3" hits="0" branch="False" />
          </lines>
        </class>
        <class name="LibraryManagement.Api.Contract.Borrowing.BorrowBookRequest" filename="LibraryManagement.Api\Contract\Borrowing\BorrowBookRequest.cs" line-rate="1" branch-rate="1" complexity="1">
          <methods>
            <method name="get_memberId" signature="()" line-rate="1" branch-rate="1" complexity="1">
              <lines>
                <line number="3" hits="10" branch="False" />
              </lines>
            </method>
          </methods>
          <lines>
            <line number="3" hits="10" branch="False" />
          </lines>
        </class>
        <class name="LibraryManagement.Api.Contract.Borrowing.BorrowingResponse`1" filename="LibraryManagement.Api\Contract\Borrowing\BorrowingResponse.cs" line-rate="1" branch-rate="1" complexity="1">
          <methods>
            <method name="get_data" signature="()" line-rate="1" branch-rate="1" complexity="1">
              <lines>
                <line number="3" hits="10" branch="False" />
              </lines>
            </method>
          </methods>
          <lines>
            <line number="3" hits="10" branch="False" />
          </lines>
        </class>
        <class name="LibraryManagement.Api.Contract.Borrowing.ReturnBookRequest" filename="LibraryManagement.Api\Contract\Borrowing\ReturnBookRequest.cs" line-rate="1" branch-rate="1" complexity="1">
          <methods>
            <method name="get_memberId" signature="()" line-rate="1" branch-rate="1" complexity="1">
              <lines>
                <line number="3" hits="8" branch="False" />
              </lines>
            </method>
          </methods>
          <lines>
            <line number="3" hits="8" branch="False" />
          </lines>
        </class>
        <class name="LibraryManagement.Api.Contract.Books.BookResponse`1" filename="LibraryManagement.Api\Contract\Books\BookResponse.cs" line-rate="1" branch-rate="1" complexity="1">
          <methods>
            <method name="get_data" signature="()" line-rate="1" branch-rate="1" complexity="1">
              <lines>
                <line number="7" hits="24" branch="False" />
              </lines>
            </method>
          </methods>
          <lines>
            <line number="7" hits="24" branch="False" />
          </lines>
        </class>
        <class name="LibraryManagement.Api.Contract.Books.CreateBookRequest" filename="LibraryManagement.Api\Contract\Books\CreateBookRequest.cs" line-rate="1" branch-rate="1" complexity="1">
          <methods>
            <method name="get_title" signature="()" line-rate="1" branch-rate="1" complexity="1">
              <lines>
                <line number="3" hits="35" branch="False" />
              </lines>
            </method>
          </methods>
          <lines>
            <line number="3" hits="35" branch="False" />
          </lines>
        </class>
        <class name="LibraryManagement.Api.Contract.Books.UpdateBookRequest" filename="LibraryManagement.Api\Contract\Books\UpdateBookRequest.cs" line-rate="1" branch-rate="1" complexity="1">
          <methods>
            <method name="get_id" signature="()" line-rate="1" branch-rate="1" complexity="1">
              <lines>
                <line number="3" hits="42" branch="False" />
              </lines>
            </method>
          </methods>
          <lines>
            <line number="3" hits="42" branch="False" />
          </lines>
        </class>
        <class name="LibraryManagement.Api.AutoMapper.MappingProfile" filename="LibraryManagement.Api\AutoMapper\MappingProfile.cs" line-rate="1" branch-rate="1" complexity="1">
          <methods>
            <method name=".ctor" signature="()" line-rate="1" branch-rate="1" complexity="1">
              <lines>
                <line number="10" hits="10" branch="False" />
                <line number="11" hits="10" branch="False" />
                <line number="12" hits="10" branch="False" />
                <line number="13" hits="10" branch="False" />
                <line number="15" hits="10" branch="False" />
                <line number="16" hits="10" branch="False" />
              </lines>
            </method>
          </methods>
          <lines>
            <line number="10" hits="10" branch="False" />
            <line number="11" hits="10" branch="False" />
            <line number="12" hits="10" branch="False" />
            <line number="13" hits="10" branch="False" />
            <line number="15" hits="10" branch="False" />
            <line number="16" hits="10" branch="False" />
          </lines>
        </class>
      </classes>
    </package>
    <package name="LibraryManagement.Application" line-rate="0" branch-rate="0" complexity="119">
      <classes>
        <class name="LibraryManagement.Application.DependencyInjection" filename="LibraryManagement.Application\DependencyInjection.cs" line-rate="0" branch-rate="1" complexity="1">
          <methods>
            <method name="AddApplication" signature="(Microsoft.Extensions.DependencyInjection.IServiceCollection)" line-rate="0" branch-rate="1" complexity="1">
              <lines>
                <line number="22" hits="0" branch="False" />
                <line number="24" hits="0" branch="False" />
                <line number="25" hits="0" branch="False" />
                <line number="26" hits="0" branch="False" />
                <line number="27" hits="0" branch="False" />
                <line number="28" hits="0" branch="False" />
                <line number="29" hits="0" branch="False" />
              </lines>
            </method>
          </methods>
          <lines>
            <line number="22" hits="0" branch="False" />
            <line number="24" hits="0" branch="False" />
            <line number="25" hits="0" branch="False" />
            <line number="26" hits="0" branch="False" />
            <line number="27" hits="0" branch="False" />
            <line number="28" hits="0" branch="False" />
            <line number="29" hits="0" branch="False" />
          </lines>
        </class>
        <class name="LibraryManagement.Application.LibraryManagement" filename="LibraryManagement.Application\LibraryManagement.cs" line-rate="0" branch-rate="0" complexity="2">
          <methods>
            <method name="CalculateLateFee" signature="(System.Int32)" line-rate="0" branch-rate="0" complexity="2">
              <lines>
                <line number="22" hits="0" branch="False" />
                <line number="23" hits="0" branch="True" condition-coverage="0% (0/2)">
                  <conditions>
                    <condition number="7" type="jump" coverage="0%" />
                  </conditions>
                </line>
                <line number="24" hits="0" branch="False" />
                <line number="25" hits="0" branch="False" />
                <line number="28" hits="0" branch="False" />
                <line number="29" hits="0" branch="False" />
                <line number="32" hits="0" branch="False" />
              </lines>
            </method>
          </methods>
          <lines>
            <line number="22" hits="0" branch="False" />
            <line number="23" hits="0" branch="True" condition-coverage="0% (0/2)">
              <conditions>
                <condition number="7" type="jump" coverage="0%" />
              </conditions>
            </line>
            <line number="24" hits="0" branch="False" />
            <line number="25" hits="0" branch="False" />
            <line number="28" hits="0" branch="False" />
            <line number="29" hits="0" branch="False" />
            <line number="32" hits="0" branch="False" />
          </lines>
        </class>
        <class name="LibraryManagement.Application.LoggerAdapter`1" filename="LibraryManagement.Application\LoggerAdapter.cs" line-rate="0" branch-rate="1" complexity="3">
          <methods>
            <method name="LogError" signature="(System.Exception,System.String,System.Object[])" line-rate="0" branch-rate="1" complexity="1">
              <lines>
                <line number="20" hits="0" branch="False" />
                <line number="21" hits="0" branch="False" />
                <line number="22" hits="0" branch="False" />
              </lines>
            </method>
            <method name="LogInformation" signature="(System.String,System.Object[])" line-rate="0" branch-rate="1" complexity="1">
              <lines>
                <line number="25" hits="0" branch="False" />
                <line number="26" hits="0" branch="False" />
                <line number="27" hits="0" branch="False" />
              </lines>
            </method>
            <method name=".ctor" signature="(Microsoft.Extensions.Logging.ILogger`1&lt;LibraryManagement.Application.LoggerAdapter`1&lt;TType&gt;&gt;)" line-rate="0" branch-rate="1" complexity="1">
              <lines>
                <line number="15" hits="0" branch="False" />
                <line number="16" hits="0" branch="False" />
                <line number="17" hits="0" branch="False" />
                <line number="18" hits="0" branch="False" />
              </lines>
            </method>
          </methods>
          <lines>
            <line number="20" hits="0" branch="False" />
            <line number="21" hits="0" branch="False" />
            <line number="22" hits="0" branch="False" />
            <line number="25" hits="0" branch="False" />
            <line number="26" hits="0" branch="False" />
            <line number="27" hits="0" branch="False" />
            <line number="15" hits="0" branch="False" />
            <line number="16" hits="0" branch="False" />
            <line number="17" hits="0" branch="False" />
            <line number="18" hits="0" branch="False" />
          </lines>
        </class>
        <class name="LibraryManagement.Application.ValidationRules.BookValidator" filename="LibraryManagement.Application\ValidationRules\BookValidator.cs" line-rate="0" branch-rate="1" complexity="1">
          <methods>
            <method name=".ctor" signature="()" line-rate="0" branch-rate="1" complexity="1">
              <lines>
                <line number="13" hits="0" branch="False" />
                <line number="14" hits="0" branch="False" />
                <line number="15" hits="0" branch="False" />
                <line number="16" hits="0" branch="False" />
              </lines>
            </method>
          </methods>
          <lines>
            <line number="13" hits="0" branch="False" />
            <line number="14" hits="0" branch="False" />
            <line number="15" hits="0" branch="False" />
            <line number="16" hits="0" branch="False" />
          </lines>
        </class>
        <class name="LibraryManagement.Application.ValidationRules.BorrowBookValidator" filename="LibraryManagement.Application\ValidationRules\BorrowBookValidator.cs" line-rate="0" branch-rate="1" complexity="1">
          <methods>
            <method name=".ctor" signature="()" line-rate="0" branch-rate="1" complexity="1">
              <lines>
                <line number="13" hits="0" branch="False" />
                <line number="14" hits="0" branch="False" />
                <line number="16" hits="0" branch="False" />
                <line number="17" hits="0" branch="False" />
                <line number="18" hits="0" branch="False" />
                <line number="19" hits="0" branch="False" />
                <line number="22" hits="0" branch="False" />
              </lines>
            </method>
          </methods>
          <lines>
            <line number="13" hits="0" branch="False" />
            <line number="14" hits="0" branch="False" />
            <line number="16" hits="0" branch="False" />
            <line number="17" hits="0" branch="False" />
            <line number="18" hits="0" branch="False" />
            <line number="19" hits="0" branch="False" />
            <line number="22" hits="0" branch="False" />
          </lines>
        </class>
        <class name="LibraryManagement.Application.ValidationRules.MemberValidtor" filename="LibraryManagement.Application\ValidationRules\MemberValidtor.cs" line-rate="0" branch-rate="1" complexity="1">
          <methods>
            <method name=".ctor" signature="()" line-rate="0" branch-rate="1" complexity="1">
              <lines>
                <line number="13" hits="0" branch="False" />
                <line number="14" hits="0" branch="False" />
                <line number="15" hits="0" branch="False" />
                <line number="16" hits="0" branch="False" />
                <line number="17" hits="0" branch="False" />
                <line number="18" hits="0" branch="False" />
                <line number="21" hits="0" branch="False" />
              </lines>
            </method>
          </methods>
          <lines>
            <line number="13" hits="0" branch="False" />
            <line number="14" hits="0" branch="False" />
            <line number="15" hits="0" branch="False" />
            <line number="16" hits="0" branch="False" />
            <line number="17" hits="0" branch="False" />
            <line number="18" hits="0" branch="False" />
            <line number="21" hits="0" branch="False" />
          </lines>
        </class>
        <class name="LibraryManagement.Application.Services.BookManagement" filename="LibraryManagement.Application\Services\BookManagement.cs" line-rate="0" branch-rate="1" complexity="1">
          <methods>
            <method name=".ctor" signature="(LibraryManagement.Application.ILoggerAdapter`1&lt;LibraryManagement.Application.Services.BookManagement&gt;,LibraryManagement.Application.InfrastructureServices.IBookRepositroy,FluentValidation.IValidator`1&lt;LibraryManagement.Domain.Domains.Book&gt;)" line-rate="0" branch-rate="1" complexity="1">
              <lines>
                <line number="23" hits="0" branch="False" />
                <line number="27" hits="0" branch="False" />
                <line number="28" hits="0" branch="False" />
                <line number="32" hits="0" branch="False" />
                <line number="33" hits="0" branch="False" />
                <line number="34" hits="0" branch="False" />
                <line number="36" hits="0" branch="False" />
              </lines>
            </method>
          </methods>
          <lines>
            <line number="23" hits="0" branch="False" />
            <line number="27" hits="0" branch="False" />
            <line number="28" hits="0" branch="False" />
            <line number="32" hits="0" branch="False" />
            <line number="33" hits="0" branch="False" />
            <line number="34" hits="0" branch="False" />
            <line number="36" hits="0" branch="False" />
          </lines>
        </class>
        <class name="LibraryManagement.Application.Services.BookManagement/&lt;&gt;c__DisplayClass11_0" filename="LibraryManagement.Application\Services\BookManagement.cs" line-rate="0" branch-rate="1" complexity="1">
          <methods>
            <method name="&lt;CheckDuplicateISBN&gt;b__0" signature="(LibraryManagement.Domain.Domains.Book)" line-rate="0" branch-rate="1" complexity="1">
              <lines>
                <line number="230" hits="0" branch="False" />
              </lines>
            </method>
          </methods>
          <lines>
            <line number="230" hits="0" branch="False" />
          </lines>
        </class>
        <class name="LibraryManagement.Application.Services.BookManagement/&lt;&gt;c__DisplayClass7_0" filename="LibraryManagement.Application\Services\BookManagement.cs" line-rate="0" branch-rate="1" complexity="2">
          <methods>
            <method name="&lt;SearchForBooByISBNCodekAsync&gt;b__0" signature="(LibraryManagement.Domain.Domains.Book)" line-rate="0" branch-rate="1" complexity="1">
              <lines>
                <line number="115" hits="0" branch="False" />
              </lines>
            </method>
            <method name="&lt;SearchForBooByISBNCodekAsync&gt;b__1" signature="(LibraryManagement.Domain.Domains.Book)" line-rate="0" branch-rate="1" complexity="1">
              <lines>
                <line number="124" hits="0" branch="False" />
              </lines>
            </method>
          </methods>
          <lines>
            <line number="115" hits="0" branch="False" />
            <line number="124" hits="0" branch="False" />
          </lines>
        </class>
        <class name="LibraryManagement.Application.Services.BookManagement/&lt;&gt;c__DisplayClass8_0" filename="LibraryManagement.Application\Services\BookManagement.cs" line-rate="0" branch-rate="1" complexity="1">
          <methods>
            <method name="&lt;SearchForBookByAuthorNameAsync&gt;b__0" signature="(LibraryManagement.Domain.Domains.Book)" line-rate="0" branch-rate="1" complexity="1">
              <lines>
                <line number="145" hits="0" branch="False" />
              </lines>
            </method>
          </methods>
          <lines>
            <line number="145" hits="0" branch="False" />
          </lines>
        </class>
        <class name="LibraryManagement.Application.Services.BookManagement/&lt;&gt;c__DisplayClass9_0" filename="LibraryManagement.Application\Services\BookManagement.cs" line-rate="0" branch-rate="1" complexity="1">
          <methods>
            <method name="&lt;SearchForBookByBookNameAsync&gt;b__0" signature="(LibraryManagement.Domain.Domains.Book)" line-rate="0" branch-rate="1" complexity="1">
              <lines>
                <line number="175" hits="0" branch="False" />
              </lines>
            </method>
          </methods>
          <lines>
            <line number="175" hits="0" branch="False" />
          </lines>
        </class>
        <class name="LibraryManagement.Application.Services.BookManagement/&lt;CheckDuplicateISBN&gt;d__11" filename="LibraryManagement.Application\Services\BookManagement.cs" line-rate="0" branch-rate="0" complexity="4">
          <methods>
            <method name="MoveNext" signature="()" line-rate="0" branch-rate="0" complexity="4">
              <lines>
                <line number="225" hits="0" branch="False" />
                <line number="226" hits="0" branch="False" />
                <line number="227" hits="0" branch="True" condition-coverage="0% (0/2)">
                  <conditions>
                    <condition number="186" type="jump" coverage="0%" />
                  </conditions>
                </line>
                <line number="228" hits="0" branch="False" />
                <line number="231" hits="0" branch="True" condition-coverage="0% (0/2)">
                  <conditions>
                    <condition number="244" type="jump" coverage="0%" />
                  </conditions>
                </line>
                <line number="232" hits="0" branch="False" />
                <line number="234" hits="0" branch="False" />
                <line number="236" hits="0" branch="False" />
              </lines>
            </method>
          </methods>
          <lines>
            <line number="225" hits="0" branch="False" />
            <line number="226" hits="0" branch="False" />
            <line number="227" hits="0" branch="True" condition-coverage="0% (0/2)">
              <conditions>
                <condition number="186" type="jump" coverage="0%" />
              </conditions>
            </line>
            <line number="228" hits="0" branch="False" />
            <line number="231" hits="0" branch="True" condition-coverage="0% (0/2)">
              <conditions>
                <condition number="244" type="jump" coverage="0%" />
              </conditions>
            </line>
            <line number="232" hits="0" branch="False" />
            <line number="234" hits="0" branch="False" />
            <line number="236" hits="0" branch="False" />
          </lines>
        </class>
        <class name="LibraryManagement.Application.Services.BookManagement/&lt;CreateBookAsync&gt;d__5" filename="LibraryManagement.Application\Services\BookManagement.cs" line-rate="0" branch-rate="0" complexity="8">
          <methods>
            <method name="MoveNext" signature="()" line-rate="0" branch-rate="0" complexity="8">
              <lines>
                <line number="39" hits="0" branch="False" />
                <line number="41" hits="0" branch="False" />
                <line number="42" hits="0" branch="True" condition-coverage="0% (0/2)">
                  <conditions>
                    <condition number="50" type="jump" coverage="0%" />
                  </conditions>
                </line>
                <line number="43" hits="0" branch="False" />
                <line number="44" hits="0" branch="False" />
                <line number="47" hits="0" branch="False" />
                <line number="48" hits="0" branch="True" condition-coverage="0% (0/2)">
                  <conditions>
                    <condition number="114" type="jump" coverage="0%" />
                  </conditions>
                </line>
                <line number="49" hits="0" branch="False" />
                <line number="50" hits="0" branch="False" />
                <line number="53" hits="0" branch="True" condition-coverage="0% (0/2)">
                  <conditions>
                    <condition number="268" type="jump" coverage="0%" />
                  </conditions>
                </line>
                <line number="54" hits="0" branch="False" />
                <line number="57" hits="0" branch="False" />
                <line number="58" hits="0" branch="True" condition-coverage="0% (0/2)">
                  <conditions>
                    <condition number="450" type="jump" coverage="0%" />
                  </conditions>
                </line>
                <line number="59" hits="0" branch="False" />
                <line number="60" hits="0" branch="False" />
                <line number="64" hits="0" branch="False" />
                <line number="66" hits="0" branch="False" />
                <line number="69" hits="0" branch="False" />
                <line number="70" hits="0" branch="False" />
                <line number="71" hits="0" branch="False" />
                <line number="72" hits="0" branch="False" />
                <line number="74" hits="0" branch="False" />
              </lines>
            </method>
          </methods>
          <lines>
            <line number="39" hits="0" branch="False" />
            <line number="41" hits="0" branch="False" />
            <line number="42" hits="0" branch="True" condition-coverage="0% (0/2)">
              <conditions>
                <condition number="50" type="jump" coverage="0%" />
              </conditions>
            </line>
            <line number="43" hits="0" branch="False" />
            <line number="44" hits="0" branch="False" />
            <line number="47" hits="0" branch="False" />
            <line number="48" hits="0" branch="True" condition-coverage="0% (0/2)">
              <conditions>
                <condition number="114" type="jump" coverage="0%" />
              </conditions>
            </line>
            <line number="49" hits="0" branch="False" />
            <line number="50" hits="0" branch="False" />
            <line number="53" hits="0" branch="True" condition-coverage="0% (0/2)">
              <conditions>
                <condition number="268" type="jump" coverage="0%" />
              </conditions>
            </line>
            <line number="54" hits="0" branch="False" />
            <line number="57" hits="0" branch="False" />
            <line number="58" hits="0" branch="True" condition-coverage="0% (0/2)">
              <conditions>
                <condition number="450" type="jump" coverage="0%" />
              </conditions>
            </line>
            <line number="59" hits="0" branch="False" />
            <line number="60" hits="0" branch="False" />
            <line number="64" hits="0" branch="False" />
            <line number="66" hits="0" branch="False" />
            <line number="69" hits="0" branch="False" />
            <line number="70" hits="0" branch="False" />
            <line number="71" hits="0" branch="False" />
            <line number="72" hits="0" branch="False" />
            <line number="74" hits="0" branch="False" />
          </lines>
        </class>
        <class name="LibraryManagement.Application.Services.BookManagement/&lt;DeleteBookAsync&gt;d__6" filename="LibraryManagement.Application\Services\BookManagement.cs" line-rate="0" branch-rate="0" complexity="4">
          <methods>
            <method name="MoveNext" signature="()" line-rate="0" branch-rate="0" complexity="4">
              <lines>
                <line number="77" hits="0" branch="False" />
                <line number="79" hits="0" branch="False" />
                <line number="80" hits="0" branch="True" condition-coverage="0% (0/2)">
                  <conditions>
                    <condition number="51" type="jump" coverage="0%" />
                  </conditions>
                </line>
                <line number="81" hits="0" branch="False" />
                <line number="82" hits="0" branch="False" />
                <line number="86" hits="0" branch="False" />
                <line number="87" hits="0" branch="True" condition-coverage="0% (0/2)">
                  <conditions>
                    <condition number="204" type="jump" coverage="0%" />
                  </conditions>
                </line>
                <line number="88" hits="0" branch="False" />
                <line number="89" hits="0" branch="False" />
                <line number="93" hits="0" branch="False" />
                <line number="94" hits="0" branch="False" />
                <line number="97" hits="0" branch="False" />
                <line number="98" hits="0" branch="False" />
                <line number="99" hits="0" branch="False" />
                <line number="100" hits="0" branch="False" />
                <line number="102" hits="0" branch="False" />
              </lines>
            </method>
          </methods>
          <lines>
            <line number="77" hits="0" branch="False" />
            <line number="79" hits="0" branch="False" />
            <line number="80" hits="0" branch="True" condition-coverage="0% (0/2)">
              <conditions>
                <condition number="51" type="jump" coverage="0%" />
              </conditions>
            </line>
            <line number="81" hits="0" branch="False" />
            <line number="82" hits="0" branch="False" />
            <line number="86" hits="0" branch="False" />
            <line number="87" hits="0" branch="True" condition-coverage="0% (0/2)">
              <conditions>
                <condition number="204" type="jump" coverage="0%" />
              </conditions>
            </line>
            <line number="88" hits="0" branch="False" />
            <line number="89" hits="0" branch="False" />
            <line number="93" hits="0" branch="False" />
            <line number="94" hits="0" branch="False" />
            <line number="97" hits="0" branch="False" />
            <line number="98" hits="0" branch="False" />
            <line number="99" hits="0" branch="False" />
            <line number="100" hits="0" branch="False" />
            <line number="102" hits="0" branch="False" />
          </lines>
        </class>
        <class name="LibraryManagement.Application.Services.BookManagement/&lt;SearchForBooByISBNCodekAsync&gt;d__7" filename="LibraryManagement.Application\Services\BookManagement.cs" line-rate="0" branch-rate="0" complexity="6">
          <methods>
            <method name="MoveNext" signature="()" line-rate="0" branch-rate="0" complexity="6">
              <lines>
                <line number="105" hits="0" branch="False" />
                <line number="107" hits="0" branch="False" />
                <line number="108" hits="0" branch="True" condition-coverage="0% (0/2)">
                  <conditions>
                    <condition number="70" type="jump" coverage="0%" />
                  </conditions>
                </line>
                <line number="109" hits="0" branch="False" />
                <line number="110" hits="0" branch="False" />
                <line number="114" hits="0" branch="False" />
                <line number="118" hits="0" branch="True" condition-coverage="0% (0/4)">
                  <conditions>
                    <condition number="260" type="jump" coverage="0%" />
                    <condition number="283" type="jump" coverage="0%" />
                  </conditions>
                </line>
                <line number="119" hits="0" branch="False" />
                <line number="120" hits="0" branch="False" />
                <line number="123" hits="0" branch="False" />
                <line number="127" hits="0" branch="False" />
                <line number="128" hits="0" branch="False" />
                <line number="129" hits="0" branch="False" />
                <line number="130" hits="0" branch="False" />
                <line number="132" hits="0" branch="False" />
              </lines>
            </method>
          </methods>
          <lines>
            <line number="105" hits="0" branch="False" />
            <line number="107" hits="0" branch="False" />
            <line number="108" hits="0" branch="True" condition-coverage="0% (0/2)">
              <conditions>
                <condition number="70" type="jump" coverage="0%" />
              </conditions>
            </line>
            <line number="109" hits="0" branch="False" />
            <line number="110" hits="0" branch="False" />
            <line number="114" hits="0" branch="False" />
            <line number="118" hits="0" branch="True" condition-coverage="0% (0/4)">
              <conditions>
                <condition number="260" type="jump" coverage="0%" />
                <condition number="283" type="jump" coverage="0%" />
              </conditions>
            </line>
            <line number="119" hits="0" branch="False" />
            <line number="120" hits="0" branch="False" />
            <line number="123" hits="0" branch="False" />
            <line number="127" hits="0" branch="False" />
            <line number="128" hits="0" branch="False" />
            <line number="129" hits="0" branch="False" />
            <line number="130" hits="0" branch="False" />
            <line number="132" hits="0" branch="False" />
          </lines>
        </class>
        <class name="LibraryManagement.Application.Services.BookManagement/&lt;SearchForBookByAuthorNameAsync&gt;d__8" filename="LibraryManagement.Application\Services\BookManagement.cs" line-rate="0" branch-rate="0" complexity="6">
          <methods>
            <method name="MoveNext" signature="()" line-rate="0" branch-rate="0" complexity="6">
              <lines>
                <line number="135" hits="0" branch="False" />
                <line number="137" hits="0" branch="False" />
                <line number="138" hits="0" branch="True" condition-coverage="0% (0/2)">
                  <conditions>
                    <condition number="70" type="jump" coverage="0%" />
                  </conditions>
                </line>
                <line number="139" hits="0" branch="False" />
                <line number="140" hits="0" branch="False" />
                <line number="144" hits="0" branch="False" />
                <line number="148" hits="0" branch="True" condition-coverage="0% (0/4)">
                  <conditions>
                    <condition number="260" type="jump" coverage="0%" />
                    <condition number="283" type="jump" coverage="0%" />
                  </conditions>
                </line>
                <line number="149" hits="0" branch="False" />
                <line number="150" hits="0" branch="False" />
                <line number="153" hits="0" branch="False" />
                <line number="154" hits="0" branch="False" />
                <line number="157" hits="0" branch="False" />
                <line number="158" hits="0" branch="False" />
                <line number="159" hits="0" branch="False" />
                <line number="160" hits="0" branch="False" />
                <line number="162" hits="0" branch="False" />
              </lines>
            </method>
          </methods>
          <lines>
            <line number="135" hits="0" branch="False" />
            <line number="137" hits="0" branch="False" />
            <line number="138" hits="0" branch="True" condition-coverage="0% (0/2)">
              <conditions>
                <condition number="70" type="jump" coverage="0%" />
              </conditions>
            </line>
            <line number="139" hits="0" branch="False" />
            <line number="140" hits="0" branch="False" />
            <line number="144" hits="0" branch="False" />
            <line number="148" hits="0" branch="True" condition-coverage="0% (0/4)">
              <conditions>
                <condition number="260" type="jump" coverage="0%" />
                <condition number="283" type="jump" coverage="0%" />
              </conditions>
            </line>
            <line number="149" hits="0" branch="False" />
            <line number="150" hits="0" branch="False" />
            <line number="153" hits="0" branch="False" />
            <line number="154" hits="0" branch="False" />
            <line number="157" hits="0" branch="False" />
            <line number="158" hits="0" branch="False" />
            <line number="159" hits="0" branch="False" />
            <line number="160" hits="0" branch="False" />
            <line number="162" hits="0" branch="False" />
          </lines>
        </class>
        <class name="LibraryManagement.Application.Services.BookManagement/&lt;SearchForBookByBookNameAsync&gt;d__9" filename="LibraryManagement.Application\Services\BookManagement.cs" line-rate="0" branch-rate="0" complexity="6">
          <methods>
            <method name="MoveNext" signature="()" line-rate="0" branch-rate="0" complexity="6">
              <lines>
                <line number="165" hits="0" branch="False" />
                <line number="167" hits="0" branch="False" />
                <line number="168" hits="0" branch="True" condition-coverage="0% (0/2)">
                  <conditions>
                    <condition number="70" type="jump" coverage="0%" />
                  </conditions>
                </line>
                <line number="169" hits="0" branch="False" />
                <line number="170" hits="0" branch="False" />
                <line number="174" hits="0" branch="False" />
                <line number="176" hits="0" branch="True" condition-coverage="0% (0/4)">
                  <conditions>
                    <condition number="260" type="jump" coverage="0%" />
                    <condition number="283" type="jump" coverage="0%" />
                  </conditions>
                </line>
                <line number="177" hits="0" branch="False" />
                <line number="178" hits="0" branch="False" />
                <line number="181" hits="0" branch="False" />
                <line number="182" hits="0" branch="False" />
                <line number="185" hits="0" branch="False" />
                <line number="186" hits="0" branch="False" />
                <line number="187" hits="0" branch="False" />
                <line number="188" hits="0" branch="False" />
                <line number="190" hits="0" branch="False" />
              </lines>
            </method>
          </methods>
          <lines>
            <line number="165" hits="0" branch="False" />
            <line number="167" hits="0" branch="False" />
            <line number="168" hits="0" branch="True" condition-coverage="0% (0/2)">
              <conditions>
                <condition number="70" type="jump" coverage="0%" />
              </conditions>
            </line>
            <line number="169" hits="0" branch="False" />
            <line number="170" hits="0" branch="False" />
            <line number="174" hits="0" branch="False" />
            <line number="176" hits="0" branch="True" condition-coverage="0% (0/4)">
              <conditions>
                <condition number="260" type="jump" coverage="0%" />
                <condition number="283" type="jump" coverage="0%" />
              </conditions>
            </line>
            <line number="177" hits="0" branch="False" />
            <line number="178" hits="0" branch="False" />
            <line number="181" hits="0" branch="False" />
            <line number="182" hits="0" branch="False" />
            <line number="185" hits="0" branch="False" />
            <line number="186" hits="0" branch="False" />
            <line number="187" hits="0" branch="False" />
            <line number="188" hits="0" branch="False" />
            <line number="190" hits="0" branch="False" />
          </lines>
        </class>
        <class name="LibraryManagement.Application.Services.BookManagement/&lt;UpdateBookAsync&gt;d__10" filename="LibraryManagement.Application\Services\BookManagement.cs" line-rate="0" branch-rate="0" complexity="6">
          <methods>
            <method name="MoveNext" signature="()" line-rate="0" branch-rate="0" complexity="6">
              <lines>
                <line number="193" hits="0" branch="False" />
                <line number="195" hits="0" branch="False" />
                <line number="196" hits="0" branch="True" condition-coverage="0% (0/2)">
                  <conditions>
                    <condition number="38" type="jump" coverage="0%" />
                  </conditions>
                </line>
                <line number="197" hits="0" branch="False" />
                <line number="198" hits="0" branch="False" />
                <line number="201" hits="0" branch="False" />
                <line number="202" hits="0" branch="True" condition-coverage="0% (0/2)">
                  <conditions>
                    <condition number="92" type="jump" coverage="0%" />
                  </conditions>
                </line>
                <line number="203" hits="0" branch="False" />
                <line number="204" hits="0" branch="False" />
                <line number="207" hits="0" branch="False" />
                <line number="208" hits="0" branch="True" condition-coverage="0% (0/2)">
                  <conditions>
                    <condition number="265" type="jump" coverage="0%" />
                  </conditions>
                </line>
                <line number="209" hits="0" branch="False" />
                <line number="210" hits="0" branch="False" />
                <line number="214" hits="0" branch="False" />
                <line number="215" hits="0" branch="False" />
                <line number="218" hits="0" branch="False" />
                <line number="219" hits="0" branch="False" />
                <line number="220" hits="0" branch="False" />
                <line number="221" hits="0" branch="False" />
                <line number="223" hits="0" branch="False" />
              </lines>
            </method>
          </methods>
          <lines>
            <line number="193" hits="0" branch="False" />
            <line number="195" hits="0" branch="False" />
            <line number="196" hits="0" branch="True" condition-coverage="0% (0/2)">
              <conditions>
                <condition number="38" type="jump" coverage="0%" />
              </conditions>
            </line>
            <line number="197" hits="0" branch="False" />
            <line number="198" hits="0" branch="False" />
            <line number="201" hits="0" branch="False" />
            <line number="202" hits="0" branch="True" condition-coverage="0% (0/2)">
              <conditions>
                <condition number="92" type="jump" coverage="0%" />
              </conditions>
            </line>
            <line number="203" hits="0" branch="False" />
            <line number="204" hits="0" branch="False" />
            <line number="207" hits="0" branch="False" />
            <line number="208" hits="0" branch="True" condition-coverage="0% (0/2)">
              <conditions>
                <condition number="265" type="jump" coverage="0%" />
[...]
              </conditions>
            </line>
            <line number="117" hits="0" branch="False" />
            <line number="118" hits="0" branch="False" />
            <line number="122" hits="0" branch="False" />
            <line number="123" hits="0" branch="True" condition-coverage="0% (0/2)">
              <conditions>
                <condition number="215" type="jump" coverage="0%" />
              </conditions>
            </line>
            <line number="124" hits="0" branch="False" />
            <line number="125" hits="0" branch="False" />
            <line number="129" hits="0" branch="False" />
            <line number="130" hits="0" branch="False" />
            <line number="133" hits="0" branch="False" />
            <line number="134" hits="0" branch="False" />
            <line number="135" hits="0" branch="False" />
            <line number="136" hits="0" branch="False" />
            <line number="138" hits="0" branch="False" />
          </lines>
        </class>
        <class name="LibraryManagement.Application.Services.MemberManagement/&lt;SearchForMemberByName&gt;d__10" filename="LibraryManagement.Application\Services\MemberManagement.cs" line-rate="0" branch-rate="0" complexity="6">
          <methods>
            <method name="MoveNext" signature="()" line-rate="0" branch-rate="0" complexity="6">
              <lines>
                <line number="141" hits="0" branch="False" />
                <line number="143" hits="0" branch="False" />
                <line number="144" hits="0" branch="True" condition-coverage="0% (0/2)">
                  <conditions>
                    <condition number="70" type="jump" coverage="0%" />
                  </conditions>
                </line>
                <line number="145" hits="0" branch="False" />
                <line number="146" hits="0" branch="False" />
                <line number="149" hits="0" branch="False" />
                <line number="150" hits="0" branch="True" condition-coverage="0% (0/4)">
                  <conditions>
                    <condition number="221" type="jump" coverage="0%" />
                    <condition number="244" type="jump" coverage="0%" />
                  </conditions>
                </line>
                <line number="151" hits="0" branch="False" />
                <line number="152" hits="0" branch="False" />
                <line number="158" hits="0" branch="False" />
                <line number="159" hits="0" branch="False" />
                <line number="162" hits="0" branch="False" />
                <line number="163" hits="0" branch="False" />
                <line number="164" hits="0" branch="False" />
                <line number="165" hits="0" branch="False" />
                <line number="167" hits="0" branch="False" />
              </lines>
            </method>
          </methods>
          <lines>
            <line number="141" hits="0" branch="False" />
            <line number="143" hits="0" branch="False" />
            <line number="144" hits="0" branch="True" condition-coverage="0% (0/2)">
              <conditions>
                <condition number="70" type="jump" coverage="0%" />
              </conditions>
            </line>
            <line number="145" hits="0" branch="False" />
            <line number="146" hits="0" branch="False" />
            <line number="149" hits="0" branch="False" />
            <line number="150" hits="0" branch="True" condition-coverage="0% (0/4)">
              <conditions>
                <condition number="221" type="jump" coverage="0%" />
                <condition number="244" type="jump" coverage="0%" />
              </conditions>
            </line>
            <line number="151" hits="0" branch="False" />
            <line number="152" hits="0" branch="False" />
            <line number="158" hits="0" branch="False" />
            <line number="159" hits="0" branch="False" />
            <line number="162" hits="0" branch="False" />
            <line number="163" hits="0" branch="False" />
            <line number="164" hits="0" branch="False" />
            <line number="165" hits="0" branch="False" />
            <line number="167" hits="0" branch="False" />
          </lines>
        </class>
        <class name="LibraryManagement.Application.Services.MemberManagement/&lt;UpdateMemberAsync&gt;d__11" filename="LibraryManagement.Application\Services\MemberManagement.cs" line-rate="0" branch-rate="0" complexity="4">
          <methods>
            <method name="MoveNext" signature="()" line-rate="0" branch-rate="0" complexity="4">
              <lines>
                <line number="170" hits="0" branch="False" />
                <line number="172" hits="0" branch="False" />
                <line number="174" hits="0" branch="False" />
                <line number="175" hits="0" branch="True" condition-coverage="0% (0/2)">
                  <conditions>
                    <condition number="71" type="jump" coverage="0%" />
                  </conditions>
                </line>
                <line number="176" hits="0" branch="False" />
                <line number="177" hits="0" branch="False" />
                <line number="181" hits="0" branch="False" />
                <line number="182" hits="0" branch="True" condition-coverage="0% (0/2)">
                  <conditions>
                    <condition number="235" type="jump" coverage="0%" />
                  </conditions>
                </line>
                <line number="183" hits="0" branch="False" />
                <line number="184" hits="0" branch="False" />
                <line number="188" hits="0" branch="False" />
                <line number="189" hits="0" branch="False" />
                <line number="192" hits="0" branch="False" />
                <line number="193" hits="0" branch="False" />
                <line number="195" hits="0" branch="False" />
                <line number="197" hits="0" branch="False" />
                <line number="199" hits="0" branch="False" />
              </lines>
            </method>
          </methods>
          <lines>
            <line number="170" hits="0" branch="False" />
            <line number="172" hits="0" branch="False" />
            <line number="174" hits="0" branch="False" />
            <line number="175" hits="0" branch="True" condition-coverage="0% (0/2)">
              <conditions>
                <condition number="71" type="jump" coverage="0%" />
              </conditions>
            </line>
            <line number="176" hits="0" branch="False" />
            <line number="177" hits="0" branch="False" />
            <line number="181" hits="0" branch="False" />
            <line number="182" hits="0" branch="True" condition-coverage="0% (0/2)">
              <conditions>
                <condition number="235" type="jump" coverage="0%" />
              </conditions>
            </line>
            <line number="183" hits="0" branch="False" />
            <line number="184" hits="0" branch="False" />
            <line number="188" hits="0" branch="False" />
            <line number="189" hits="0" branch="False" />
            <line number="192" hits="0" branch="False" />
            <line number="193" hits="0" branch="False" />
            <line number="195" hits="0" branch="False" />
            <line number="197" hits="0" branch="False" />
            <line number="199" hits="0" branch="False" />
          </lines>
        </class>
        <class name="LibraryManagement.Application.Helper.ClsValiationGuid" filename="LibraryManagement.Application\Helper\ClsValiationGuid.cs" line-rate="0" branch-rate="0" complexity="2">
          <methods>
            <method name="CheckGuidStatus" signature="(System.Guid)" line-rate="0" branch-rate="0" complexity="2">
              <lines>
                <line number="12" hits="0" branch="False" />
                <line number="14" hits="0" branch="True" condition-coverage="0% (0/2)">
                  <conditions>
                    <condition number="14" type="jump" coverage="0%" />
                  </conditions>
                </line>
                <line number="15" hits="0" branch="False" />
                <line number="16" hits="0" branch="False" />
                <line number="18" hits="0" branch="False" />
                <line number="20" hits="0" branch="False" />
              </lines>
            </method>
          </methods>
          <lines>
            <line number="12" hits="0" branch="False" />
            <line number="14" hits="0" branch="True" condition-coverage="0% (0/2)">
              <conditions>
                <condition number="14" type="jump" coverage="0%" />
              </conditions>
            </line>
            <line number="15" hits="0" branch="False" />
            <line number="16" hits="0" branch="False" />
            <line number="18" hits="0" branch="False" />
            <line number="20" hits="0" branch="False" />
          </lines>
        </class>
      </classes>
    </package>
    <package name="LibraryManagement.Domain" line-rate="0.5555" branch-rate="1" complexity="18">
      <classes>
        <class name="LibraryManagement.Domain.Domains.Book" filename="LibraryManagement.Domain\Domains\Book.cs" line-rate="1" branch-rate="1" complexity="7">
          <methods>
            <method name="get_Id" signature="()" line-rate="1" branch-rate="1" complexity="1">
              <lines>
                <line number="17" hits="14" branch="False" />
              </lines>
            </method>
            <method name="get_IsAvailable" signature="()" line-rate="1" branch-rate="1" complexity="1">
              <lines>
                <line number="19" hits="18" branch="False" />
              </lines>
            </method>
            <method name="get_Title" signature="()" line-rate="1" branch-rate="1" complexity="1">
              <lines>
                <line number="22" hits="12" branch="False" />
              </lines>
            </method>
            <method name="get_Description" signature="()" line-rate="1" branch-rate="1" complexity="1">
              <lines>
                <line number="24" hits="11" branch="False" />
              </lines>
            </method>
            <method name="get_Author" signature="()" line-rate="1" branch-rate="1" complexity="1">
              <lines>
                <line number="25" hits="11" branch="False" />
              </lines>
            </method>
            <method name="get_ISBN" signature="()" line-rate="1" branch-rate="1" complexity="1">
              <lines>
                <line number="27" hits="11" branch="False" />
              </lines>
            </method>
            <method name=".ctor" signature="()" line-rate="1" branch-rate="1" complexity="1">
              <lines>
                <line number="14" hits="30" branch="False" />
              </lines>
            </method>
          </methods>
          <lines>
            <line number="17" hits="14" branch="False" />
            <line number="19" hits="18" branch="False" />
            <line number="22" hits="12" branch="False" />
            <line number="24" hits="11" branch="False" />
            <line number="25" hits="11" branch="False" />
            <line number="27" hits="11" branch="False" />
            <line number="14" hits="30" branch="False" />
          </lines>
        </class>
        <class name="LibraryManagement.Domain.Domains.BorrowBook" filename="LibraryManagement.Domain\Domains\BorrowBook.cs" line-rate="0.4285" branch-rate="1" complexity="7">
          <methods>
            <method name="get_Id" signature="()" line-rate="0" branch-rate="1" complexity="1">
              <lines>
                <line number="12" hits="0" branch="False" />
              </lines>
            </method>
            <method name="get_BookId" signature="()" line-rate="0" branch-rate="1" complexity="1">
              <lines>
                <line number="13" hits="0" branch="False" />
              </lines>
            </method>
            <method name="get_BorrowDate" signature="()" line-rate="0" branch-rate="1" complexity="1">
              <lines>
                <line number="14" hits="0" branch="False" />
              </lines>
            </method>
            <method name="get_DueDate" signature="()" line-rate="0" branch-rate="1" complexity="1">
              <lines>
                <line number="16" hits="0" branch="False" />
              </lines>
            </method>
            <method name="get_MemberId" signature="()" line-rate="1" branch-rate="1" complexity="1">
              <lines>
                <line number="17" hits="1" branch="False" />
              </lines>
            </method>
            <method name="get_Member" signature="()" line-rate="1" branch-rate="1" complexity="1">
              <lines>
                <line number="19" hits="1" branch="False" />
              </lines>
            </method>
            <method name="get_Book" signature="()" line-rate="1" branch-rate="1" complexity="1">
              <lines>
                <line number="20" hits="1" branch="False" />
              </lines>
            </method>
          </methods>
          <lines>
            <line number="12" hits="0" branch="False" />
            <line number="13" hits="0" branch="False" />
            <line number="14" hits="0" branch="False" />
            <line number="16" hits="0" branch="False" />
            <line number="17" hits="1" branch="False" />
            <line number="19" hits="1" branch="False" />
            <line number="20" hits="1" branch="False" />
          </lines>
        </class>
        <class name="LibraryManagement.Domain.Domains.Member" filename="LibraryManagement.Domain\Domains\Member.cs" line-rate="0" branch-rate="1" complexity="4">
          <methods>
            <method name="get_Id" signature="()" line-rate="0" branch-rate="1" complexity="1">
              <lines>
                <line number="15" hits="0" branch="False" />
              </lines>
            </method>
            <method name="get_FullName" signature="()" line-rate="0" branch-rate="1" complexity="1">
              <lines>
                <line number="17" hits="0" branch="False" />
              </lines>
            </method>
            <method name="get_Email" signature="()" line-rate="0" branch-rate="1" complexity="1">
              <lines>
                <line number="20" hits="0" branch="False" />
              </lines>
            </method>
            <method name=".ctor" signature="()" line-rate="0" branch-rate="1" complexity="1">
              <lines>
                <line number="12" hits="0" branch="False" />
              </lines>
            </method>
          </methods>
          <lines>
            <line number="15" hits="0" branch="False" />
            <line number="17" hits="0" branch="False" />
            <line number="20" hits="0" branch="False" />
            <line number="12" hits="0" branch="False" />
          </lines>
        </class>
      </classes>
    </package>
    <package name="LibraryManagement.Infrastructure" line-rate="0" branch-rate="0" complexity="8">
      <classes>
        <class name="LibraryManagement.Infrastructure.DependenceyInjection" filename="LibraryManagement.Infrastructure\DependenceyInjection.cs" line-rate="0" branch-rate="1" complexity="1">
          <methods>
            <method name="AddInfrstructure" signature="(Microsoft.Extensions.DependencyInjection.IServiceCollection)" line-rate="0" branch-rate="1" complexity="1">
              <lines>
                <line number="14" hits="0" branch="False" />
                <line number="16" hits="0" branch="False" />
                <line number="17" hits="0" branch="False" />
              </lines>
            </method>
          </methods>
          <lines>
            <line number="14" hits="0" branch="False" />
            <line number="16" hits="0" branch="False" />
            <line number="17" hits="0" branch="False" />
          </lines>
        </class>
        <class name="LibraryManagement.Infrastructure.MemberRepository" filename="LibraryManagement.Infrastructure\Member\MemberRepository.cs" line-rate="0" branch-rate="1" complexity="5">
          <methods>
            <method name="DeleteAsync" signature="(System.Guid)" line-rate="0" branch-rate="1" complexity="1">
              <lines>
                <line number="26" hits="0" branch="False" />
                <line number="27" hits="0" branch="False" />
              </lines>
            </method>
            <method name="GetAllAsync" signature="()" line-rate="0" branch-rate="1" complexity="1">
              <lines>
                <line number="31" hits="0" branch="False" />
                <line number="32" hits="0" branch="False" />
              </lines>
            </method>
            <method name="GetByIdAsync" signature="(System.Guid)" line-rate="0" branch-rate="1" complexity="1">
              <lines>
                <line number="36" hits="0" branch="False" />
                <line number="37" hits="0" branch="False" />
              </lines>
            </method>
            <method name="UpdateAsync" signature="(System.Guid,LibraryManagement.Domain.Domains.Member)" line-rate="0" branch-rate="1" complexity="1">
              <lines>
                <line number="41" hits="0" branch="False" />
                <line number="42" hits="0" branch="False" />
              </lines>
            </method>
            <method name=".ctor" signature="()" line-rate="0" branch-rate="1" complexity="1">
              <lines>
                <line number="14" hits="0" branch="False" />
              </lines>
            </method>
          </methods>
          <lines>
            <line number="26" hits="0" branch="False" />
            <line number="27" hits="0" branch="False" />
            <line number="31" hits="0" branch="False" />
            <line number="32" hits="0" branch="False" />
            <line number="36" hits="0" branch="False" />
            <line number="37" hits="0" branch="False" />
            <line number="41" hits="0" branch="False" />
            <line number="42" hits="0" branch="False" />
            <line number="14" hits="0" branch="False" />
          </lines>
        </class>
        <class name="LibraryManagement.Infrastructure.MemberRepository/&lt;CreateAsync&gt;d__1" filename="LibraryManagement.Infrastructure\Member\MemberRepository.cs" line-rate="0" branch-rate="0" complexity="2">
          <methods>
            <method name="MoveNext" signature="()" line-rate="0" branch-rate="0" complexity="2">
              <lines>
                <line number="17" hits="0" branch="False" />
                <line number="18" hits="0" branch="True" condition-coverage="0% (0/2)">
                  <conditions>
                    <condition number="19" type="jump" coverage="0%" />
                  </conditions>
                </line>
                <line number="19" hits="0" branch="False" />
                <line number="21" hits="0" branch="False" />
                <line number="22" hits="0" branch="False" />
                <line number="23" hits="0" branch="False" />
              </lines>
            </method>
          </methods>
          <lines>
            <line number="17" hits="0" branch="False" />
            <line number="18" hits="0" branch="True" condition-coverage="0% (0/2)">
              <conditions>
                <condition number="19" type="jump" coverage="0%" />
              </conditions>
            </line>
            <line number="19" hits="0" branch="False" />
            <line number="21" hits="0" branch="False" />
            <line number="22" hits="0" branch="False" />
            <line number="23" hits="0" branch="False" />
          </lines>
        </class>
      </classes>
    </package>
  </packages>
</coverage>